This is pdfTeX, Version 3.14159265-2.6-1.40.21 (TeX Live 2020) (preloaded format=pdflatex 2021.11.23)  20 DEC 2021 10:55
entering extended mode
 restricted \write18 enabled.
 file:line:error style messages enabled.
 %&-line parsing enabled.
**/Users/SilvinW/repositories/JAES_Dynamic_Grids/jaes-sample1-bibtex.tex
(/Users/SilvinW/repositories/JAES_Dynamic_Grids/jaes-sample1-bibtex.tex
LaTeX2e <2020-02-02> patch level 5
L3 programming layer <2020-03-06> (/Users/SilvinW/repositories/JAES_Dynamic_Grids/jaes.cls
Document Class: jaes 2010/10/16 v1.0 Standard LaTeX document class for AES
\trimwidth=\dimen134
\trimheight=\dimen135
\typewidth=\dimen136
\typeheight=\dimen137
\tempdimen=\dimen138
\normaltextheight=\dimen139
\normalbaselineskip=\skip47
\blindfoliodrop=\dimen140
\enumdim=\dimen141
\figwidth=\dimen142
\tabledim=\dimen143
\tableleftskip=\skip48
\tablerightskip=\skip49
\tabnoteleftskip=\skip50
\tabnoterightskip=\skip51
\mathindent=\dimen144
\tempbox=\box45
(/usr/local/texlive/2020/texmf-dist/tex/latex/psnfss/mathptmx.sty
Package: mathptmx 2005/04/12 PSNFSS-v9.2a Times w/ Math, improved (SPQR, WaS) 
LaTeX Font Info:    Redeclaring symbol font `operators' on input line 28.
LaTeX Font Info:    Overwriting symbol font `operators' in version `normal'
(Font)                  OT1/cmr/m/n --> OT1/ztmcm/m/n on input line 28.
LaTeX Font Info:    Overwriting symbol font `operators' in version `bold'
(Font)                  OT1/cmr/bx/n --> OT1/ztmcm/m/n on input line 28.
LaTeX Font Info:    Redeclaring symbol font `letters' on input line 29.
LaTeX Font Info:    Overwriting symbol font `letters' in version `normal'
(Font)                  OML/cmm/m/it --> OML/ztmcm/m/it on input line 29.
LaTeX Font Info:    Overwriting symbol font `letters' in version `bold'
(Font)                  OML/cmm/b/it --> OML/ztmcm/m/it on input line 29.
LaTeX Font Info:    Redeclaring symbol font `symbols' on input line 30.
LaTeX Font Info:    Overwriting symbol font `symbols' in version `normal'
(Font)                  OMS/cmsy/m/n --> OMS/ztmcm/m/n on input line 30.
LaTeX Font Info:    Overwriting symbol font `symbols' in version `bold'
(Font)                  OMS/cmsy/b/n --> OMS/ztmcm/m/n on input line 30.
LaTeX Font Info:    Redeclaring symbol font `largesymbols' on input line 31.
LaTeX Font Info:    Overwriting symbol font `largesymbols' in version `normal'
(Font)                  OMX/cmex/m/n --> OMX/ztmcm/m/n on input line 31.
LaTeX Font Info:    Overwriting symbol font `largesymbols' in version `bold'
(Font)                  OMX/cmex/m/n --> OMX/ztmcm/m/n on input line 31.
\symbold=\mathgroup4
\symitalic=\mathgroup5
LaTeX Font Info:    Redeclaring math alphabet \mathbf on input line 34.
LaTeX Font Info:    Overwriting math alphabet `\mathbf' in version `normal'
(Font)                  OT1/cmr/bx/n --> OT1/ptm/bx/n on input line 34.
LaTeX Font Info:    Overwriting math alphabet `\mathbf' in version `bold'
(Font)                  OT1/cmr/bx/n --> OT1/ptm/bx/n on input line 34.
LaTeX Font Info:    Redeclaring math alphabet \mathit on input line 35.
LaTeX Font Info:    Overwriting math alphabet `\mathit' in version `normal'
(Font)                  OT1/cmr/m/it --> OT1/ptm/m/it on input line 35.
LaTeX Font Info:    Overwriting math alphabet `\mathit' in version `bold'
(Font)                  OT1/cmr/bx/it --> OT1/ptm/m/it on input line 35.
LaTeX Info: Redefining \hbar on input line 50.
) (/usr/local/texlive/2020/texmf-dist/tex/latex/psnfss/helvet.sty
Package: helvet 2005/04/12 PSNFSS-v9.2a (WaS) 
 (/usr/local/texlive/2020/texmf-dist/tex/latex/graphics/keyval.sty
Package: keyval 2014/10/28 v1.15 key=value parser (DPC)
\KV@toks@=\toks15
)) (/usr/local/texlive/2020/texmf-dist/tex/latex/psnfss/courier.sty
Package: courier 2005/04/12 PSNFSS-v9.2a (WaS) 
)
\c@part=\count167
\c@chapter=\count168
\c@section=\count169
\c@subsection=\count170
\c@subsubsection=\count171
\c@paragraph=\count172
\c@subparagraph=\count173
\topsepi=\skip52
\topsepii=\skip53
\topsepiii=\skip54
\itemsepi=\skip55
\itemsepii=\skip56
\itemsepiii=\skip57
\LabelSep=\dimen145
\listtextleftmargin=\skip58
\listtextleftmarginii=\skip59
\listtextleftmarginiii=\skip60
\listtextrightmargin=\skip61
\listlabelleftskip=\skip62
\listlabelleftskipii=\skip63
\listlabelleftskipiii=\skip64
\abovelistskipi=\skip65
\belowlistskipi=\skip66
\abovelistskipii=\skip67
\belowlistskipii=\skip68
\abovelistskipiii=\skip69
\belowlistskipiii=\skip70
\labelsepi=\skip71
\labelsepii=\skip72
\labelsepiii=\skip73
\enumdimwd=\dimen146
\itemleftmargin=\dimen147
\itemlabelsep=\dimen148
\c@ncount=\count174
\c@theorem=\count175
\c@example=\count176
\c@theorem=\count177
\c@lemma=\count178
\c@proposition=\count179
\c@corollary=\count180
\c@definition=\count181
\c@notation=\count182
\c@assumption=\count183
\c@remark=\count184
\abovecaptionskip=\skip74
\belowcaptionskip=\skip75
\c@figure=\count185
\c@table=\count186
\c@boxenv=\count187
\@footmax=\dimen149
LaTeX Font Info:    Trying to load font information for OT1+ztmcm on input line 1170.
 (/usr/local/texlive/2020/texmf-dist/tex/latex/psnfss/ot1ztmcm.fd
File: ot1ztmcm.fd 2000/01/03 Fontinst v1.801 font definitions for OT1/ztmcm.
)
LaTeX Font Info:    Trying to load font information for OML+ztmcm on input line 1170.
 (/usr/local/texlive/2020/texmf-dist/tex/latex/psnfss/omlztmcm.fd
File: omlztmcm.fd 2000/01/03 Fontinst v1.801 font definitions for OML/ztmcm.
)
LaTeX Font Info:    Trying to load font information for OMS+ztmcm on input line 1170.
 (/usr/local/texlive/2020/texmf-dist/tex/latex/psnfss/omsztmcm.fd
File: omsztmcm.fd 2000/01/03 Fontinst v1.801 font definitions for OMS/ztmcm.
)
LaTeX Font Info:    Trying to load font information for OMX+ztmcm on input line 1170.
 (/usr/local/texlive/2020/texmf-dist/tex/latex/psnfss/omxztmcm.fd
File: omxztmcm.fd 2000/01/03 Fontinst v1.801 font definitions for OMX/ztmcm.
)
LaTeX Font Info:    Trying to load font information for OT1+ptm on input line 1170.
 (/usr/local/texlive/2020/texmf-dist/tex/latex/psnfss/ot1ptm.fd
File: ot1ptm.fd 2001/06/04 font definitions for OT1/ptm.
)
LaTeX Font Info:    Font shape `OT1/ptm/bx/n' in size <9> not available
(Font)              Font shape `OT1/ptm/b/n' tried instead on input line 1170.
LaTeX Font Info:    Font shape `OT1/ptm/bx/n' in size <7> not available
(Font)              Font shape `OT1/ptm/b/n' tried instead on input line 1170.
LaTeX Font Info:    Font shape `OT1/ptm/bx/n' in size <5> not available
(Font)              Font shape `OT1/ptm/b/n' tried instead on input line 1170.
\bibitemsep=\dimen150
\bibparsep=\dimen151
\biblabelsep=\dimen152
\authorcount=\count188
\affcount=\count189
\tempcount=\count190
LaTeX Info: Redefining \[ on input line 1547.
LaTeX Info: Redefining \] on input line 1548.
\@partialpageht=\dimen153
\store@outputbox=\box46
\storedboxheight=\dimen154
\nommaxdim=\dimen155
\nombox=\box47
 (/Users/SilvinW/repositories/JAES_Dynamic_Grids/cuted.sty
Package: cuted 1997/10/01
\At@ViperColsBreak=\toks16
\v@aaa=\box48
\v@ccc=\box49
\stripsep=\skip76
\@viper=\box50
\viper@penalty=\count191
\hold@viper=\box51
\ht@viper=\dimen156
)
\calccount=\count192
\biocount=\count193
\printbiocount=\count194
 (/usr/local/texlive/2020/texmf-dist/tex/latex/graphics/graphicx.sty
Package: graphicx 2019/11/30 v1.2a Enhanced LaTeX Graphics (DPC,SPQR)
 (/usr/local/texlive/2020/texmf-dist/tex/latex/graphics/graphics.sty
Package: graphics 2019/11/30 v1.4a Standard LaTeX Graphics (DPC,SPQR)
 (/usr/local/texlive/2020/texmf-dist/tex/latex/graphics/trig.sty
Package: trig 2016/01/03 v1.10 sin cos tan (DPC)
) (/usr/local/texlive/2020/texmf-dist/tex/latex/graphics-cfg/graphics.cfg
File: graphics.cfg 2016/06/04 v1.11 sample graphics configuration
)
Package graphics Info: Driver file: pdftex.def on input line 105.
 (/usr/local/texlive/2020/texmf-dist/tex/latex/graphics-def/pdftex.def
File: pdftex.def 2018/01/08 v1.0l Graphics/color driver for pdftex
))
\Gin@req@height=\dimen157
\Gin@req@width=\dimen158
)) (/usr/local/texlive/2020/texmf-dist/tex/latex/amsmath/amsmath.sty
Package: amsmath 2020/01/20 v2.17e AMS math features
\@mathmargin=\skip77

For additional information on amsmath, use the `?' option.
(/usr/local/texlive/2020/texmf-dist/tex/latex/amsmath/amstext.sty
Package: amstext 2000/06/29 v2.01 AMS text
 (/usr/local/texlive/2020/texmf-dist/tex/latex/amsmath/amsgen.sty
File: amsgen.sty 1999/11/30 v2.0 generic functions
\@emptytoks=\toks17
\ex@=\dimen159
)
LaTeX Info: Redefining \text on input line 28.
) (/usr/local/texlive/2020/texmf-dist/tex/latex/amsmath/amsbsy.sty
Package: amsbsy 1999/11/29 v1.2d Bold Symbols
\pmbraise@=\dimen160
) (/usr/local/texlive/2020/texmf-dist/tex/latex/amsmath/amsopn.sty
Package: amsopn 2016/03/08 v2.02 operator names
)
\inf@bad=\count195
LaTeX Info: Redefining \frac on input line 227.
\uproot@=\count196
\leftroot@=\count197
LaTeX Info: Redefining \overline on input line 389.
\classnum@=\count198
\DOTSCASE@=\count199
LaTeX Info: Redefining \ldots on input line 486.
LaTeX Info: Redefining \dots on input line 489.
LaTeX Info: Redefining \cdots on input line 610.
\Mathstrutbox@=\box52
\strutbox@=\box53
\big@size=\dimen161
LaTeX Font Info:    Redeclaring font encoding OML on input line 733.
LaTeX Font Info:    Redeclaring font encoding OMS on input line 734.
\macc@depth=\count266
\c@MaxMatrixCols=\count267
\dotsspace@=\muskip16
\c@parentequation=\count268
\dspbrk@lvl=\count269
\tag@help=\toks18
\row@=\count270
\column@=\count271
\maxfields@=\count272
\andhelp@=\toks19
\eqnshift@=\dimen162
\alignsep@=\dimen163
\tagshift@=\dimen164
\tagwidth@=\dimen165
\totwidth@=\dimen166
\lineht@=\dimen167
\@envbody=\toks20
\multlinegap=\skip78
\multlinetaggap=\skip79
\mathdisplay@stack=\toks21
LaTeX Info: Redefining \[ on input line 2859.
LaTeX Info: Redefining \] on input line 2860.
) (/usr/local/texlive/2020/texmf-dist/tex/latex/tools/bm.sty
Package: bm 2019/07/24 v1.2d Bold Symbol Support (DPC/FMi)
LaTeX Info: Redefining \bm on input line 209.
) (/usr/local/texlive/2020/texmf-dist/tex/latex/hyperref/hyperref.sty
Package: hyperref 2020/01/14 v7.00d Hypertext links for LaTeX
 (/usr/local/texlive/2020/texmf-dist/tex/generic/ltxcmds/ltxcmds.sty
Package: ltxcmds 2019/12/15 v1.24 LaTeX kernel commands for general use (HO)
) (/usr/local/texlive/2020/texmf-dist/tex/generic/iftex/iftex.sty
Package: iftex 2020/03/06 v1.0d TeX engine tests
) (/usr/local/texlive/2020/texmf-dist/tex/latex/pdftexcmds/pdftexcmds.sty
Package: pdftexcmds 2019/11/24 v0.31 Utility functions of pdfTeX for LuaTeX (HO)
 (/usr/local/texlive/2020/texmf-dist/tex/generic/infwarerr/infwarerr.sty
Package: infwarerr 2019/12/03 v1.5 Providing info/warning/error messages (HO)
)
Package pdftexcmds Info: \pdf@primitive is available.
Package pdftexcmds Info: \pdf@ifprimitive is available.
Package pdftexcmds Info: \pdfdraftmode found.
) (/usr/local/texlive/2020/texmf-dist/tex/generic/kvsetkeys/kvsetkeys.sty
Package: kvsetkeys 2019/12/15 v1.18 Key value parser (HO)
) (/usr/local/texlive/2020/texmf-dist/tex/generic/kvdefinekeys/kvdefinekeys.sty
Package: kvdefinekeys 2019-12-19 v1.6 Define keys (HO)
) (/usr/local/texlive/2020/texmf-dist/tex/generic/pdfescape/pdfescape.sty
Package: pdfescape 2019/12/09 v1.15 Implements pdfTeX's escape features (HO)
) (/usr/local/texlive/2020/texmf-dist/tex/latex/hycolor/hycolor.sty
Package: hycolor 2020-01-27 v1.10 Color options for hyperref/bookmark (HO)
) (/usr/local/texlive/2020/texmf-dist/tex/latex/letltxmacro/letltxmacro.sty
Package: letltxmacro 2019/12/03 v1.6 Let assignment for LaTeX macros (HO)
) (/usr/local/texlive/2020/texmf-dist/tex/latex/auxhook/auxhook.sty
Package: auxhook 2019-12-17 v1.6 Hooks for auxiliary files (HO)
) (/usr/local/texlive/2020/texmf-dist/tex/latex/kvoptions/kvoptions.sty
Package: kvoptions 2019/11/29 v3.13 Key value format for package options (HO)
)
\@linkdim=\dimen168
\Hy@linkcounter=\count273
\Hy@pagecounter=\count274
 (/usr/local/texlive/2020/texmf-dist/tex/latex/hyperref/pd1enc.def
File: pd1enc.def 2020/01/14 v7.00d Hyperref: PDFDocEncoding definition (HO)
Now handling font encoding PD1 ...
... no UTF-8 mapping file for font encoding PD1
) (/usr/local/texlive/2020/texmf-dist/tex/generic/intcalc/intcalc.sty
Package: intcalc 2019/12/15 v1.3 Expandable calculations with integers (HO)
) (/usr/local/texlive/2020/texmf-dist/tex/generic/etexcmds/etexcmds.sty
Package: etexcmds 2019/12/15 v1.7 Avoid name clashes with e-TeX commands (HO)
)
\Hy@SavedSpaceFactor=\count275
Package hyperref Info: Hyper figures OFF on input line 4547.
Package hyperref Info: Link nesting OFF on input line 4552.
Package hyperref Info: Hyper index ON on input line 4555.
Package hyperref Info: Plain pages OFF on input line 4562.
Package hyperref Info: Backreferencing OFF on input line 4567.
Package hyperref Info: Implicit mode ON; LaTeX internals redefined.
Package hyperref Info: Bookmarks ON on input line 4800.
\c@Hy@tempcnt=\count276
 (/usr/local/texlive/2020/texmf-dist/tex/latex/url/url.sty
\Urlmuskip=\muskip17
Package: url 2013/09/16  ver 3.4  Verb mode for urls, etc.
)
LaTeX Info: Redefining \url on input line 5159.
\XeTeXLinkMargin=\dimen169
 (/usr/local/texlive/2020/texmf-dist/tex/generic/bitset/bitset.sty
Package: bitset 2019/12/09 v1.3 Handle bit-vector datatype (HO)
 (/usr/local/texlive/2020/texmf-dist/tex/generic/bigintcalc/bigintcalc.sty
Package: bigintcalc 2019/12/15 v1.5 Expandable calculations on big integers (HO)
))
\Fld@menulength=\count277
\Field@Width=\dimen170
\Fld@charsize=\dimen171
Package hyperref Info: Hyper figures OFF on input line 6430.
Package hyperref Info: Link nesting OFF on input line 6435.
Package hyperref Info: Hyper index ON on input line 6438.
Package hyperref Info: backreferencing OFF on input line 6445.
Package hyperref Info: Link coloring OFF on input line 6450.
Package hyperref Info: Link coloring with OCG OFF on input line 6455.
Package hyperref Info: PDF/A mode OFF on input line 6460.
LaTeX Info: Redefining \ref on input line 6500.
LaTeX Info: Redefining \pageref on input line 6504.
 (/usr/local/texlive/2020/texmf-dist/tex/generic/atbegshi/atbegshi.sty
Package: atbegshi 2019/12/05 v1.19 At begin shipout hook (HO)
)
\Hy@abspage=\count278
\c@Item=\count279
\c@Hfootnote=\count280
)
Package hyperref Info: Driver (autodetected): hpdftex.
 (/usr/local/texlive/2020/texmf-dist/tex/latex/hyperref/hpdftex.def
File: hpdftex.def 2020/01/14 v7.00d Hyperref driver for pdfTeX
 (/usr/local/texlive/2020/texmf-dist/tex/latex/atveryend/atveryend.sty
Package: atveryend 2019-12-11 v1.11 Hooks at the very end of document (HO)
Package atveryend Info: \enddocument detected (standard20110627).
)
\Fld@listcount=\count281
\c@bookmark@seq@number=\count282
 (/usr/local/texlive/2020/texmf-dist/tex/latex/rerunfilecheck/rerunfilecheck.sty
Package: rerunfilecheck 2019/12/05 v1.9 Rerun checks for auxiliary files (HO)
 (/usr/local/texlive/2020/texmf-dist/tex/generic/uniquecounter/uniquecounter.sty
Package: uniquecounter 2019/12/15 v1.4 Provide unlimited unique counter (HO)
)
Package uniquecounter Info: New unique counter `rerunfilecheck' on input line 286.
)
\Hy@SectionHShift=\skip80
) (/usr/local/texlive/2020/texmf-dist/tex/latex/subfig/subfig.sty
Package: subfig 2005/06/28 ver: 1.3 subfig package
 (/usr/local/texlive/2020/texmf-dist/tex/latex/caption/caption.sty
Package: caption 2020/01/03 v3.4h Customizing captions (AR)
 (/usr/local/texlive/2020/texmf-dist/tex/latex/caption/caption3.sty
Package: caption3 2020/01/03 v1.8h caption3 kernel (AR)
Package caption3 Info: TeX engine: e-TeX on input line 61.
\captionmargin=\dimen172
\captionmargin@=\dimen173
\captionwidth=\dimen174
\caption@tempdima=\dimen175
\caption@indent=\dimen176
\caption@parindent=\dimen177
\caption@hangindent=\dimen178
Package caption Info: Unknown document class (or package),
(caption)             standard defaults will be used.
Package caption Info: \@makecaption = \long macro:#1#2->\ifx \FigName \@captype \vskip \abovecaptionskip \@makefigurecaption {#1}{#2}\else \ifx \BoxName \@captype \@makeboxenvcaption {#1}{#2}\vskip \belowcaptionskip \else \@maketablecaption {#1}{#2}\vskip \belowcaptionskip \fi \fi  on input line 1082.
)

Package caption Warning: Unknown document class (or package),
(caption)                standard defaults will be used.
See the caption package documentation for explanation.

\c@caption@flags=\count283
\c@continuedfloat=\count284
Package caption Info: hyperref package is loaded.
)
\c@KVtest=\count285
\sf@farskip=\skip81
\sf@captopadj=\dimen179
\sf@capskip=\skip82
\sf@nearskip=\skip83
\c@subfigure=\count286
\c@subfigure@save=\count287
\c@lofdepth=\count288
\c@subtable=\count289
\c@subtable@save=\count290
\c@lotdepth=\count291
\sf@top=\skip84
\sf@bottom=\skip85
) (/usr/local/texlive/2020/texmf-dist/tex/latex/xcolor/xcolor.sty
Package: xcolor 2016/05/11 v2.12 LaTeX color extensions (UK)
 (/usr/local/texlive/2020/texmf-dist/tex/latex/graphics-cfg/color.cfg
File: color.cfg 2016/01/02 v1.6 sample color configuration
)
Package xcolor Info: Driver file: pdftex.def on input line 225.
Package xcolor Info: Model `cmy' substituted by `cmy0' on input line 1348.
Package xcolor Info: Model `hsb' substituted by `rgb' on input line 1352.
Package xcolor Info: Model `RGB' extended on input line 1364.
Package xcolor Info: Model `HTML' substituted by `rgb' on input line 1366.
Package xcolor Info: Model `Hsb' substituted by `hsb' on input line 1367.
Package xcolor Info: Model `tHsb' substituted by `hsb' on input line 1368.
Package xcolor Info: Model `HSB' substituted by `hsb' on input line 1369.
Package xcolor Info: Model `Gray' substituted by `gray' on input line 1370.
Package xcolor Info: Model `wave' substituted by `hsb' on input line 1371.
) (/usr/local/texlive/2020/texmf-dist/tex/latex/amsfonts/amssymb.sty
Package: amssymb 2013/01/14 v3.01 AMS font symbols
 (/usr/local/texlive/2020/texmf-dist/tex/latex/amsfonts/amsfonts.sty
Package: amsfonts 2013/01/14 v3.01 Basic AMSFonts support
\symAMSa=\mathgroup6
\symAMSb=\mathgroup7
LaTeX Font Info:    Overwriting math alphabet `\mathfrak' in version `bold'
(Font)                  U/euf/m/n --> U/euf/b/n on input line 106.
))
\@input{myPreamble.aux}
\openout2 = `myPreamble.aux'.

(/Users/SilvinW/repositories/JAES_Dynamic_Grids/myPreamble.tex
LaTeX Font Info:    Redeclaring math alphabet \mathcal on input line 195.
) (/Users/SilvinW/repositories/JAES_Dynamic_Grids/jaes-sample1-bibtex.aux)
\openout1 = `jaes-sample1-bibtex.aux'.

LaTeX Font Info:    Checking defaults for OML/cmm/m/it on input line 27.
LaTeX Font Info:    ... okay on input line 27.
LaTeX Font Info:    Checking defaults for OMS/cmsy/m/n on input line 27.
LaTeX Font Info:    ... okay on input line 27.
LaTeX Font Info:    Checking defaults for OT1/cmr/m/n on input line 27.
LaTeX Font Info:    ... okay on input line 27.
LaTeX Font Info:    Checking defaults for T1/cmr/m/n on input line 27.
LaTeX Font Info:    ... okay on input line 27.
LaTeX Font Info:    Checking defaults for TS1/cmr/m/n on input line 27.
LaTeX Font Info:    ... okay on input line 27.
LaTeX Font Info:    Checking defaults for OMX/cmex/m/n on input line 27.
LaTeX Font Info:    ... okay on input line 27.
LaTeX Font Info:    Checking defaults for U/cmr/m/n on input line 27.
LaTeX Font Info:    ... okay on input line 27.
LaTeX Font Info:    Checking defaults for PD1/pdf/m/n on input line 27.
LaTeX Font Info:    ... okay on input line 27.
 (/usr/local/texlive/2020/texmf-dist/tex/context/base/mkii/supp-pdf.mkii
[Loading MPS to PDF converter (version 2006.09.02).]
\scratchcounter=\count292
\scratchdimen=\dimen180
\scratchbox=\box54
\nofMPsegments=\count293
\nofMParguments=\count294
\everyMPshowfont=\toks22
\MPscratchCnt=\count295
\MPscratchDim=\dimen181
\MPnumerator=\count296
\makeMPintoPDFobject=\count297
\everyMPtoPDFconversion=\toks23
) (/usr/local/texlive/2020/texmf-dist/tex/latex/epstopdf-pkg/epstopdf-base.sty
Package: epstopdf-base 2020-01-24 v2.11 Base part for package epstopdf
Package epstopdf-base Info: Redefining graphics rule for `.eps' on input line 485.
 (/usr/local/texlive/2020/texmf-dist/tex/latex/latexconfig/epstopdf-sys.cfg
File: epstopdf-sys.cfg 2010/07/13 v1.3 Configuration of (r)epstopdf for TeX Live
))
\AtBeginShipoutBox=\box55
Package hyperref Info: Link coloring OFF on input line 27.
 (/usr/local/texlive/2020/texmf-dist/tex/latex/hyperref/nameref.sty
Package: nameref 2019/09/16 v2.46 Cross-referencing by name of section
 (/usr/local/texlive/2020/texmf-dist/tex/latex/refcount/refcount.sty
Package: refcount 2019/12/15 v3.6 Data extraction from label references (HO)
) (/usr/local/texlive/2020/texmf-dist/tex/generic/gettitlestring/gettitlestring.sty
Package: gettitlestring 2019/12/15 v1.6 Cleanup title references (HO)
)
\c@section@level=\count298
)
LaTeX Info: Redefining \ref on input line 27.
LaTeX Info: Redefining \pageref on input line 27.
LaTeX Info: Redefining \nameref on input line 27.
 (/Users/SilvinW/repositories/JAES_Dynamic_Grids/jaes-sample1-bibtex.out) (/Users/SilvinW/repositories/JAES_Dynamic_Grids/jaes-sample1-bibtex.out)
\@outlinefile=\write3
\openout3 = `jaes-sample1-bibtex.out'.

Package caption Info: Begin \AtBeginDocument code.
Package caption Info: subfig package v1.3 is loaded.
Package caption Info: End \AtBeginDocument code.
LaTeX Font Info:    Trying to load font information for OT1+phv on input line 54.
 (/usr/local/texlive/2020/texmf-dist/tex/latex/psnfss/ot1phv.fd
File: ot1phv.fd 2001/06/04 scalable font definitions for OT1/phv.


LaTeX Warning: Font shape declaration has incorrect series value `mc'.
               It should not contain an `m'! Please correct it.
               Found on input line 21.


LaTeX Warning: Font shape declaration has incorrect series value `mc'.
               It should not contain an `m'! Please correct it.
               Found on input line 24.


LaTeX Warning: Font shape declaration has incorrect series value `mc'.
               It should not contain an `m'! Please correct it.
               Found on input line 27.


LaTeX Warning: Font shape declaration has incorrect series value `mc'.
               It should not contain an `m'! Please correct it.
               Found on input line 47.

)
LaTeX Font Info:    Font shape `OT1/ptm/bx/n' in size <10> not available
(Font)              Font shape `OT1/ptm/b/n' tried instead on input line 54.
LaTeX Font Info:    Font shape `OT1/ptm/bx/n' in size <7.4> not available
(Font)              Font shape `OT1/ptm/b/n' tried instead on input line 54.
LaTeX Font Info:    Font shape `OT1/ptm/bx/n' in size <6> not available
(Font)              Font shape `OT1/ptm/b/n' tried instead on input line 54.


LaTeX Warning: Citation `Borin1989' on page 1 undefined on input line 56.


LaTeX Warning: Citation `Bilbao2009' on page 1 undefined on input line 56.


Underfull \vbox (badness 10000) has occurred while \output is active []

LaTeX Font Info:    Trying to load font information for OT1+pcr on input line 61.
 (/usr/local/texlive/2020/texmf-dist/tex/latex/psnfss/ot1pcr.fd
File: ot1pcr.fd 2001/06/04 font definitions for OT1/pcr.
)

LaTeX Warning: Citation `Willemsen2021Thesis' on page 1 undefined on input line 61.


LaTeX Warning: Citation `Hofmann2019' on page 1 undefined on input line 61.


LaTeX Warning: Citation `morrison1993mosaic' on page 1 undefined on input line 63.


LaTeX Warning: Citation `Mehes2016' on page 1 undefined on input line 63.


LaTeX Warning: Citation `Willemsen2017' on page 1 undefined on input line 63.


LaTeX Warning: Citation `Smith1992' on page 1 undefined on input line 63.


LaTeX Warning: Citation `Michon2014' on page 1 undefined on input line 63.

[1{/usr/local/texlive/2020/texmf-var/fonts/map/pdftex/updmap/pdftex.map}


Non-PDF special ignored!
<special> papersize=8.0625in,10.875in




]

LaTeX Warning: Citation `Willemsen2021a' on page 2 undefined on input line 67.


LaTeX Warning: Citation `Willemsen2021Thesis' on page 2 undefined on input line 67.


LaTeX Warning: Citation `Willemsen2021b' on page 2 undefined on input line 67.

[2]
LaTeX Font Info:    Trying to load font information for OMS+ntxsy on input line 168.
LaTeX Font Info:    No file OMSntxsy.fd. on input line 168.


LaTeX Font Warning: Font shape `OMS/ntxsy/m/n' undefined
(Font)              using `OMS/cmsy/m/n' instead on input line 168.

Package epstopdf Info: Source file: <twoFreeStringsNarrow.eps>
(epstopdf)                    date: 2021-12-17 12:07:44
(epstopdf)                    size: 41817 bytes
(epstopdf)             Output file: <twoFreeStringsNarrow-eps-converted-to.pdf>
(epstopdf)                    date: 2021-12-17 12:08:24
(epstopdf)                    size: 20964 bytes
(epstopdf)             Command: <repstopdf --outfile=twoFreeStringsNarrow-eps-converted-to.pdf twoFreeStringsNarrow.eps>
(epstopdf)             \includegraphics on input line 188.
Package epstopdf Info: Output file is already uptodate.
<twoFreeStringsNarrow-eps-converted-to.pdf, id=81, 501.875pt x 130.4875pt>
File: twoFreeStringsNarrow-eps-converted-to.pdf Graphic file (type pdf)
<use twoFreeStringsNarrow-eps-converted-to.pdf>
Package pdftex.def Info: twoFreeStringsNarrow-eps-converted-to.pdf  used on input line 188.
(pdftex.def)             Requested size: 231.66129pt x 60.23204pt.
Package epstopdf Info: Source file: <twoFreeStringsGridMoveNarrow.eps>
(epstopdf)                    date: 2021-12-17 12:07:44
(epstopdf)                    size: 41464 bytes
(epstopdf)             Output file: <twoFreeStringsGridMoveNarrow-eps-converted-to.pdf>
(epstopdf)                    date: 2021-12-17 12:08:24
(epstopdf)                    size: 20892 bytes
(epstopdf)             Command: <repstopdf --outfile=twoFreeStringsGridMoveNarrow-eps-converted-to.pdf twoFreeStringsGridMoveNarrow.eps>
(epstopdf)             \includegraphics on input line 189.
Package epstopdf Info: Output file is already uptodate.
<twoFreeStringsGridMoveNarrow-eps-converted-to.pdf, id=82, 501.875pt x 130.4875pt>
File: twoFreeStringsGridMoveNarrow-eps-converted-to.pdf Graphic file (type pdf)
<use twoFreeStringsGridMoveNarrow-eps-converted-to.pdf>
Package pdftex.def Info: twoFreeStringsGridMoveNarrow-eps-converted-to.pdf  used on input line 189.
(pdftex.def)             Requested size: 231.66129pt x 60.23204pt.
Package epstopdf Info: Source file: <twoFreeStringGridMoveZoomedNarrow.eps>
(epstopdf)                    date: 2021-12-17 12:07:44
(epstopdf)                    size: 45596 bytes
(epstopdf)             Output file: <twoFreeStringGridMoveZoomedNarrow-eps-converted-to.pdf>
(epstopdf)                    date: 2021-12-17 12:08:25
(epstopdf)                    size: 21041 bytes
(epstopdf)             Command: <repstopdf --outfile=twoFreeStringGridMoveZoomedNarrow-eps-converted-to.pdf twoFreeStringGridMoveZoomedNarrow.eps>
(epstopdf)             \includegraphics on input line 190.
Package epstopdf Info: Output file is already uptodate.
<twoFreeStringGridMoveZoomedNarrow-eps-converted-to.pdf, id=83, 501.875pt x 130.4875pt>
File: twoFreeStringGridMoveZoomedNarrow-eps-converted-to.pdf Graphic file (type pdf)
<use twoFreeStringGridMoveZoomedNarrow-eps-converted-to.pdf>
Package pdftex.def Info: twoFreeStringGridMoveZoomedNarrow-eps-converted-to.pdf  used on input line 190.
(pdftex.def)             Requested size: 231.66129pt x 60.23204pt.

LaTeX Warning: Citation `Willemsen2021a' on page 3 undefined on input line 200.

[3 </Users/SilvinW/repositories/JAES_Dynamic_Grids/twoFreeStringsNarrow-eps-converted-to.pdf> </Users/SilvinW/repositories/JAES_Dynamic_Grids/twoFreeStringsGridMoveNarrow-eps-converted-to.pdf> </Users/SilvinW/repositories/JAES_Dynamic_Grids/twoFreeStringGridMoveZoomedNarrow-eps-converted-to.pdf>]

LaTeX Warning: Citation `Willemsen2021a' on page 4 undefined on input line 251.


LaTeX Warning: Citation `Willemsen2021b' on page 4 undefined on input line 281.


LaTeX Warning: Citation `Willemsen2021a' on page 4 undefined on input line 284.

[4]

LaTeX Warning: Citation `Willemsen2021Thesis' on page 5 undefined on input line 323.


LaTeX Warning: Citation `Webb2015' on page 5 undefined on input line 326.


LaTeX Warning: Citation `Bilbao2019' on page 5 undefined on input line 326.


LaTeX Warning: Citation `Willemsen2019' on page 5 undefined on input line 326.


LaTeX Warning: Citation `Bilbao2009' on page 5 undefined on input line 326.

<2DDynamicGrid.pdf, id=162, 652.4375pt x 622.325pt>
File: 2DDynamicGrid.pdf Graphic file (type pdf)
<use 2DDynamicGrid.pdf>
Package pdftex.def Info: 2DDynamicGrid.pdf  used on input line 378.
(pdftex.def)             Requested size: 243.0pt x 231.78548pt.

Overfull \hbox (9.0pt too wide) in paragraph at lines 378--381
 [][] 
 []

[5 </Users/SilvinW/repositories/JAES_Dynamic_Grids/2DDynamicGrid.pdf>]
LaTeX Font Info:    Font shape `OT1/phv/b/it' in size <10> not available
(Font)              Font shape `OT1/phv/b/sl' tried instead on input line 429.
 [6]

LaTeX Warning: Citation `Horn1991' on page 7 undefined on input line 544.


Underfull \hbox (badness 2753) in paragraph at lines 547--551
\OT1/ptm/m/n/10 and is of size $\OT1/ztmcm/m/n/10 (\OML/ztmcm/m/it/10 N[] \OT1/ztmcm/m/n/10 + \OML/ztmcm/m/it/10 N[] \OMS/ztmcm/m/n/10 ^^@ \OT1/ztmcm/m/n/10 2) \OMS/ztmcm/m/n/10 ^^B \OT1/ztmcm/m/n/10 (\OML/ztmcm/m/it/10 N[] \OT1/ztmcm/m/n/10 + \OML/ztmcm/m/it/10 N[] \OMS/ztmcm/m/n/10 ^^@ \OT1/ztmcm/m/n/10 2)$\OT1/ptm/m/n/10 . Us-ing
 []


LaTeX Warning: Citation `Morse1968' on page 7 undefined on input line 568.

[7]
LaTeX Font Info:    Trying to load font information for TS1+ptm on input line 627.
 (/usr/local/texlive/2020/texmf-dist/tex/latex/psnfss/ts1ptm.fd
File: ts1ptm.fd 2001/06/04 font definitions for TS1/ptm.
)

LaTeX Warning: Citation `Horn1991' on page 8 undefined on input line 700.

[8]

LaTeX Warning: Citation `Hamilton2016' on page 9 undefined on input line 708.

<JAESheadshotSilvin.jpg, id=624, 1044.90375pt x 1335.99126pt>
File: JAESheadshotSilvin.jpg Graphic file (type jpg)
<use JAESheadshotSilvin.jpg>
Package pdftex.def Info: JAESheadshotSilvin.jpg  used on input line 718.
(pdftex.def)             Requested size: 96.0pt x 122.74144pt.

Underfull \vbox (badness 4120) has occurred while \output is active []


Underfull \vbox (badness 6708) has occurred while \output is active []

Extra height:0.0pt when 51.37909pt

Underfull \vbox (badness 4120) has occurred while \output is active []

(2)Left:51.37909pt Right:35.11415pt Output:51.37909pt
- LAST -
Left:51.37909pt
Right:35.11415pt
Output:51.37909pt

Underfull \vbox (badness 4120) has occurred while \output is active []


Underfull \vbox (badness 10000) has occurred while \output is active []


Underfull \vbox (badness 10000) has occurred while \output is active []


Underfull \vbox (badness 10000) has occurred while \output is active []

Extra height:0.0pt when 297.26492pt

Underfull \vbox (badness 10000) has occurred while \output is active []

(2)Left:297.26492pt Right:296.92984pt Output:297.26492pt
- LAST -
Left:297.26492pt
Right:296.92984pt
Output:297.26492pt

Underfull \vbox (badness 10000) has occurred while \output is active []


Overfull \hbox (252.0pt too wide) in paragraph at lines 718--718
| 
 []

Package atveryend Info: Empty hook `BeforeClearDocument' on input line 718.
[9

 </Users/SilvinW/repositories/JAES_Dynamic_Grids/JAESheadshotSilvin.jpg>]
Package atveryend Info: Empty hook `AfterLastShipout' on input line 718.
 (/Users/SilvinW/repositories/JAES_Dynamic_Grids/jaes-sample1-bibtex.aux)
Package atveryend Info: Executing hook `AtVeryEndDocument' on input line 718.
Package atveryend Info: Executing hook `AtEndAfterFileList' on input line 718.
Package rerunfilecheck Info: File `jaes-sample1-bibtex.out' has not changed.
(rerunfilecheck)             Checksum: D41D8CD98F00B204E9800998ECF8427E;0.


LaTeX Font Warning: Some font shapes were not available, defaults substituted.


LaTeX Warning: There were undefined references.

Package atveryend Info: Empty hook `AtVeryVeryEnd' on input line 718.
 ) 
Here is how much of TeX's memory you used:
 8916 strings out of 480608
 131348 string characters out of 5903629
 421430 words of memory out of 5000000
 24466 multiletter control sequences out of 15000+600000
 587611 words of font info for 136 fonts, out of 8000000 for 9000
 1141 hyphenation exceptions out of 8191
 50i,18n,49p,1038b,411s stack positions out of 5000i,500n,10000p,200000b,80000s
{/usr/local/texlive/2020/texmf-dist/fonts/enc/dvips/base/8r.enc}</usr/local/texlive/2020/texmf-dist/fonts/type1/public/amsfonts/cm/cmbsy10.pfb></usr/local/texlive/2020/texmf-dist/fonts/type1/public/amsfonts/cm/cmex10.pfb></usr/local/texlive/2020/texmf-dist/fonts/type1/public/amsfonts/cm/cmmi10.pfb></usr/local/texlive/2020/texmf-dist/fonts/type1/public/amsfonts/cm/cmmi7.pfb></usr/local/texlive/2020/texmf-dist/fonts/type1/public/amsfonts/cm/cmr10.pfb></usr/local/texlive/2020/texmf-dist/fonts/type1/public/amsfonts/cm/cmsy10.pfb></usr/local/texlive/2020/texmf-dist/fonts/type1/public/amsfonts/cm/cmsy7.pfb></usr/local/texlive/2020/texmf-dist/fonts/type1/public/amsfonts/latxfont/lcircle1.pfb></usr/local/texlive/2020/texmf-dist/fonts/type1/public/amsfonts/symbols/msam10.pfb></usr/local/texlive/2020/texmf-dist/fonts/type1/public/amsfonts/symbols/msbm10.pfb></usr/local/texlive/2020/texmf-dist/fonts/type1/urw/courier/ucrr8a.pfb></usr/local/texlive/2020/texmf-dist/fonts/type1/urw/helvetic/uhvb8a.pfb></usr/local/texlive/2020/texmf-dist/fonts/type1/urw/helvetic/uhvbo8a.pfb></usr/local/texlive/2020/texmf-dist/fonts/type1/urw/helvetic/uhvr8a.pfb></usr/local/texlive/2020/texmf-dist/fonts/type1/urw/symbol/usyr.pfb></usr/local/texlive/2020/texmf-dist/fonts/type1/urw/symbol/usyr.pfb></usr/local/texlive/2020/texmf-dist/fonts/type1/urw/times/utmb8a.pfb></usr/local/texlive/2020/texmf-dist/fonts/type1/urw/times/utmr8a.pfb></usr/local/texlive/2020/texmf-dist/fonts/type1/urw/times/utmri8a.pfb>
Output written on /Users/SilvinW/repositories/JAES_Dynamic_Grids/jaes-sample1-bibtex.pdf (9 pages, 756955 bytes).
PDF statistics:
 719 PDF objects out of 1000 (max. 8388607)
 529 compressed objects within 6 object streams
 138 named destinations out of 1000 (max. 500000)
 26 words of extra memory for PDF output out of 10000 (max. 10000000)

